All required packages already installed.
── Attaching core tidyverse packages ──────────────────────── tidyverse 2.0.0 ──
✔ dplyr     1.1.4     ✔ readr     2.1.5
✔ forcats   1.0.0     ✔ stringr   1.5.1
✔ ggplot2   4.0.2     ✔ tibble    3.3.0
✔ lubridate 1.9.4     ✔ tidyr     1.3.1
✔ purrr     1.1.0     
── Conflicts ────────────────────────────────────────── tidyverse_conflicts() ──
✖ dplyr::filter() masks stats::filter()
✖ dplyr::lag()    masks stats::lag()
ℹ Use the conflicted package (<http://conflicted.r-lib.org/>) to force all conflicts to become errors

Attaching package: ‘janitor’

The following objects are masked from ‘package:stats’:

    chisq.test, fisher.test

here() starts at /Users/mhigashida/Documents/phdba297b-pilot

Attaching package: ‘psych’

The following objects are masked from ‘package:ggplot2’:

    %+%, alpha


Attaching package: ‘ordinal’

The following object is masked from ‘package:dplyr’:

    slice


Attaching package: ‘modelsummary’

The following object is masked from ‘package:psych’:

    SD

Environment setup complete.
Warning messages:
1: package ‘ggplot2’ was built under R version 4.5.2 
2: package ‘psych’ was built under R version 4.5.2 
3: package ‘ordinal’ was built under R version 4.5.2 
4: package ‘broom.mixed’ was built under R version 4.5.2 
5: package ‘modelsummary’ was built under R version 4.5.2 
6: package ‘ggeffects’ was built under R version 4.5.2 
Error in `mutate()`:
ℹ In argument: `distributionchannel = tolower(distributionchannel)`.
Caused by error:
! object 'distributionchannel' not found
Backtrace:
     ▆
  1. ├─... %>% filter(distributionchannel != "preview")
  2. ├─dplyr::filter(., distributionchannel != "preview")
  3. ├─dplyr::mutate(., distributionchannel = tolower(distributionchannel))
  4. ├─dplyr:::mutate.data.frame(., distributionchannel = tolower(distributionchannel))
  5. │ └─dplyr:::mutate_cols(.data, dplyr_quosures(...), by)
  6. │   ├─base::withCallingHandlers(...)
  7. │   └─dplyr:::mutate_col(dots[[i]], data, mask, new_columns)
  8. │     └─mask$eval_all_mutate(quo)
  9. │       └─dplyr (local) eval()
 10. ├─base::tolower(distributionchannel)
 11. └─base::.handleSimpleError(...)
 12.   └─dplyr (local) h(simpleError(msg, call))
 13.     └─rlang::abort(message, class = error_class, parent = parent, call = error_call)
Execution halted
